# JRE version: OpenJDK Runtime Environment (8.0_92-b14) (build 1.8.0_92-b14)
# Java VM: OpenJDK 64-Bit Server VM (25.92-b14 mixed mode linux-amd64 compressed oops)
Heap:
 PSYoungGen      total 327680K, used 16607K [0x00000000eab00000, 0x0000000100000000, 0x0000000100000000)
  eden space 307712K, 5% used [0x00000000eab00000,0x00000000ebb37ea0,0x00000000fd780000)
  from space 19968K, 0% used [0x00000000fd780000,0x00000000fd780000,0x00000000feb00000)
  to   space 18944K, 0% used [0x00000000fed80000,0x00000000fed80000,0x0000000100000000)
 ParOldGen       total 699392K, used 33202K [0x00000000c0000000, 0x00000000eab00000, 0x00000000eab00000)
  object space 699392K, 4% used [0x00000000c0000000,0x00000000c206c8f0,0x00000000eab00000)
 Metaspace       used 121473K, capacity 122361K, committed 123392K, reserved 1150976K
  class space    used 21401K, capacity 21764K, committed 22016K, reserved 1048576K
GC Heap History (10 events):
Event: 593.275 GC heap before
{Heap before GC invocations=84 (full 23):
 PSYoungGen      total 326656K, used 302720K [0x00000000eab00000, 0x0000000100000000, 0x0000000100000000)
  eden space 302592K, 100% used [0x00000000eab00000,0x00000000fd280000,0x00000000fd280000)
  from space 24064K, 0% used [0x00000000fe880000,0x00000000fe8a0000,0x0000000100000000)
  to   space 22528K, 0% used [0x00000000fd280000,0x00000000fd280000,0x00000000fe880000)
 ParOldGen       total 699392K, used 33201K [0x00000000c0000000, 0x00000000eab00000, 0x00000000eab00000)
  object space 699392K, 4% used [0x00000000c0000000,0x00000000c206c530,0x00000000eab00000)
 Metaspace       used 121472K, capacity 122361K, committed 123392K, reserved 1150976K
  class space    used 21400K, capacity 21764K, committed 22016K, reserved 1048576K
Event: 593.277 GC heap after
Heap after GC invocations=84 (full 23):
 PSYoungGen      total 325120K, used 128K [0x00000000eab00000, 0x0000000100000000, 0x0000000100000000)
  eden space 302592K, 0% used [0x00000000eab00000,0x00000000eab00000,0x00000000fd280000)
  from space 22528K, 0% used [0x00000000fd280000,0x00000000fd2a0000,0x00000000fe880000)
  to   space 21504K, 0% used [0x00000000feb00000,0x00000000feb00000,0x0000000100000000)
 ParOldGen       total 699392K, used 33201K [0x00000000c0000000, 0x00000000eab00000, 0x00000000eab00000)
  object space 699392K, 4% used [0x00000000c0000000,0x00000000c206c530,0x00000000eab00000)
 Metaspace       used 121472K, capacity 122361K, committed 123392K, reserved 1150976K
  class space    used 21400K, capacity 21764K, committed 22016K, reserved 1048576K
}
Event: 607.934 GC heap before
{Heap before GC invocations=85 (full 23):
 PSYoungGen      total 325120K, used 286666K [0x00000000eab00000, 0x0000000100000000, 0x0000000100000000)
  eden space 302592K, 94% used [0x00000000eab00000,0x00000000fc2d2ae8,0x00000000fd280000)
  from space 22528K, 0% used [0x00000000fd280000,0x00000000fd2a0000,0x00000000fe880000)
  to   space 21504K, 0% used [0x00000000feb00000,0x00000000feb00000,0x0000000100000000)
 ParOldGen       total 699392K, used 33201K [0x00000000c0000000, 0x00000000eab00000, 0x00000000eab00000)
  object space 699392K, 4% used [0x00000000c0000000,0x00000000c206c530,0x00000000eab00000)
 Metaspace       used 121473K, capacity 122361K, committed 123392K, reserved 1150976K
  class space    used 21401K, capacity 21764K, committed 22016K, reserved 1048576K
Event: 607.978 GC heap after
Heap after GC invocations=85 (full 23):
 PSYoungGen      total 329216K, used 160K [0x00000000eab00000, 0x0000000100000000, 0x0000000100000000)
  eden space 307712K, 0% used [0x00000000eab00000,0x00000000eab00000,0x00000000fd780000)
  from space 21504K, 0% used [0x00000000feb00000,0x00000000feb28000,0x0000000100000000)
  to   space 19968K, 0% used [0x00000000fd780000,0x00000000fd780000,0x00000000feb00000)
 ParOldGen       total 699392K, used 33201K [0x00000000c0000000, 0x00000000eab00000, 0x00000000eab00000)
  object space 699392K, 4% used [0x00000000c0000000,0x00000000c206c530,0x00000000eab00000)
 Metaspace       used 121473K, capacity 122361K, committed 123392K, reserved 1150976K
  class space    used 21401K, capacity 21764K, committed 22016K, reserved 1048576K
}
Event: 607.984 GC heap before
{Heap before GC invocations=86 (full 24):
 PSYoungGen      total 329216K, used 160K [0x00000000eab00000, 0x0000000100000000, 0x0000000100000000)
  eden space 307712K, 0% used [0x00000000eab00000,0x00000000eab00000,0x00000000fd780000)
  from space 21504K, 0% used [0x00000000feb00000,0x00000000feb28000,0x0000000100000000)
  to   space 19968K, 0% used [0x00000000fd780000,0x00000000fd780000,0x00000000feb00000)
 ParOldGen       total 699392K, used 33201K [0x00000000c0000000, 0x00000000eab00000, 0x00000000eab00000)
  object space 699392K, 4% used [0x00000000c0000000,0x00000000c206c530,0x00000000eab00000)
 Metaspace       used 121473K, capacity 122361K, committed 123392K, reserved 1150976K
  class space    used 21401K, capacity 21764K, committed 22016K, reserved 1048576K
Event: 608.718 GC heap after
Heap after GC invocations=86 (full 24):
 PSYoungGen      total 329216K, used 0K [0x00000000eab00000, 0x0000000100000000, 0x0000000100000000)
  eden space 307712K, 0% used [0x00000000eab00000,0x00000000eab00000,0x00000000fd780000)
  from space 21504K, 0% used [0x00000000feb00000,0x00000000feb00000,0x0000000100000000)
  to   space 19968K, 0% used [0x00000000fd780000,0x00000000fd780000,0x00000000feb00000)
 ParOldGen       total 699392K, used 33223K [0x00000000c0000000, 0x00000000eab00000, 0x00000000eab00000)
  object space 699392K, 4% used [0x00000000c0000000,0x00000000c2071d20,0x00000000eab00000)
 Metaspace       used 121473K, capacity 122361K, committed 123392K, reserved 1150976K
  class space    used 21401K, capacity 21764K, committed 22016K, reserved 1048576K
}
Event: 609.110 GC heap before
{Heap before GC invocations=87 (full 24):
 PSYoungGen      total 329216K, used 5195K [0x00000000eab00000, 0x0000000100000000, 0x0000000100000000)
  eden space 307712K, 1% used [0x00000000eab00000,0x00000000eb012ee0,0x00000000fd780000)
  from space 21504K, 0% used [0x00000000feb00000,0x00000000feb00000,0x0000000100000000)
  to   space 19968K, 0% used [0x00000000fd780000,0x00000000fd780000,0x00000000feb00000)
 ParOldGen       total 699392K, used 33223K [0x00000000c0000000, 0x00000000eab00000, 0x00000000eab00000)
  object space 699392K, 4% used [0x00000000c0000000,0x00000000c2071d20,0x00000000eab00000)
 Metaspace       used 121473K, capacity 122361K, committed 123392K, reserved 1150976K
  class space    used 21401K, capacity 21764K, committed 22016K, reserved 1048576K
Event: 609.122 GC heap after
Heap after GC invocations=87 (full 24):
 PSYoungGen      total 327680K, used 32K [0x00000000eab00000, 0x0000000100000000, 0x0000000100000000)
  eden space 307712K, 0% used [0x00000000eab00000,0x00000000eab00000,0x00000000fd780000)
  from space 19968K, 0% used [0x00000000fd780000,0x00000000fd788000,0x00000000feb00000)
  to   space 18944K, 0% used [0x00000000fed80000,0x00000000fed80000,0x0000000100000000)
 ParOldGen       total 699392K, used 33223K [0x00000000c0000000, 0x00000000eab00000, 0x00000000eab00000)
  object space 699392K, 4% used [0x00000000c0000000,0x00000000c2071d20,0x00000000eab00000)
 Metaspace       used 121473K, capacity 122361K, committed 123392K, reserved 1150976K
  class space    used 21401K, capacity 21764K, committed 22016K, reserved 1048576K
}
Event: 609.122 GC heap before
{Heap before GC invocations=88 (full 25):
 PSYoungGen      total 327680K, used 32K [0x00000000eab00000, 0x0000000100000000, 0x0000000100000000)
  eden space 307712K, 0% used [0x00000000eab00000,0x00000000eab00000,0x00000000fd780000)
  from space 19968K, 0% used [0x00000000fd780000,0x00000000fd788000,0x00000000feb00000)
  to   space 18944K, 0% used [0x00000000fed80000,0x00000000fed80000,0x0000000100000000)
 ParOldGen       total 699392K, used 33223K [0x00000000c0000000, 0x00000000eab00000, 0x00000000eab00000)
  object space 699392K, 4% used [0x00000000c0000000,0x00000000c2071d20,0x00000000eab00000)
 Metaspace       used 121473K, capacity 122361K, committed 123392K, reserved 1150976K
  class space    used 21401K, capacity 21764K, committed 22016K, reserved 1048576K
Event: 609.402 GC heap after
Heap after GC invocations=88 (full 25):
 PSYoungGen      total 327680K, used 0K [0x00000000eab00000, 0x0000000100000000, 0x0000000100000000)
  eden space 307712K, 0% used [0x00000000eab00000,0x00000000eab00000,0x00000000fd780000)
  from space 19968K, 0% used [0x00000000fd780000,0x00000000fd780000,0x00000000feb00000)
  to   space 18944K, 0% used [0x00000000fed80000,0x00000000fed80000,0x0000000100000000)
 ParOldGen       total 699392K, used 33202K [0x00000000c0000000, 0x00000000eab00000, 0x00000000eab00000)
  object space 699392K, 4% used [0x00000000c0000000,0x00000000c206c8f0,0x00000000eab00000)
 Metaspace       used 121473K, capacity 122361K, committed 123392K, reserved 1150976K
  class space    used 21401K, capacity 21764K, committed 22016K, reserved 1048576K
}

