# JRE version: OpenJDK Runtime Environment (8.0_92-b14) (build 1.8.0_92-b14)
# Java VM: OpenJDK 64-Bit Server VM (25.92-b14 mixed mode linux-amd64 compressed oops)
Heap:
 PSYoungGen      total 290816K, used 47072K [0x00000000d7000000, 0x00000000ec400000, 0x0000000100000000)
  eden space 243712K, 0% used [0x00000000d7000000,0x00000000d7000000,0x00000000e5e00000)
  from space 47104K, 99% used [0x00000000e5e00000,0x00000000e8bf80f0,0x00000000e8c00000)
  to   space 36864K, 0% used [0x00000000e8c00000,0x00000000e8c00000,0x00000000eb000000)
 ParOldGen       total 84992K, used 84613K [0x0000000085000000, 0x000000008a300000, 0x00000000d7000000)
  object space 84992K, 99% used [0x0000000085000000,0x000000008a2a1568,0x000000008a300000)
 Metaspace       used 12402K, capacity 12508K, committed 12672K, reserved 1060864K
  class space    used 1552K, capacity 1592K, committed 1664K, reserved 1048576K
GC Heap History (10 events):
Event: 0.454 GC heap after
Heap after GC invocations=2 (full 0):
 PSYoungGen      total 68608K, used 1606K [0x00000000d7000000, 0x00000000db800000, 0x0000000100000000)
  eden space 63488K, 0% used [0x00000000d7000000,0x00000000d7000000,0x00000000dae00000)
  from space 5120K, 31% used [0x00000000db300000,0x00000000db491b18,0x00000000db800000)
  to   space 5120K, 0% used [0x00000000dae00000,0x00000000dae00000,0x00000000db300000)
 ParOldGen       total 84992K, used 80K [0x0000000085000000, 0x000000008a300000, 0x00000000d7000000)
  object space 84992K, 0% used [0x0000000085000000,0x0000000085014010,0x000000008a300000)
 Metaspace       used 7132K, capacity 7236K, committed 7552K, reserved 1056768K
  class space    used 776K, capacity 816K, committed 896K, reserved 1048576K
}
Event: 0.609 GC heap before
{Heap before GC invocations=3 (full 0):
 PSYoungGen      total 68608K, used 65094K [0x00000000d7000000, 0x00000000db800000, 0x0000000100000000)
  eden space 63488K, 100% used [0x00000000d7000000,0x00000000dae00000,0x00000000dae00000)
  from space 5120K, 31% used [0x00000000db300000,0x00000000db491b18,0x00000000db800000)
  to   space 5120K, 0% used [0x00000000dae00000,0x00000000dae00000,0x00000000db300000)
 ParOldGen       total 84992K, used 80K [0x0000000085000000, 0x000000008a300000, 0x00000000d7000000)
  object space 84992K, 0% used [0x0000000085000000,0x0000000085014010,0x000000008a300000)
 Metaspace       used 7440K, capacity 7556K, committed 7808K, reserved 1056768K
  class space    used 808K, capacity 816K, committed 896K, reserved 1048576K
Event: 0.613 GC heap after
Heap after GC invocations=3 (full 0):
 PSYoungGen      total 68608K, used 2224K [0x00000000d7000000, 0x00000000df600000, 0x0000000100000000)
  eden space 63488K, 0% used [0x00000000d7000000,0x00000000d7000000,0x00000000dae00000)
  from space 5120K, 43% used [0x00000000dae00000,0x00000000db02c040,0x00000000db300000)
  to   space 5120K, 0% used [0x00000000df100000,0x00000000df100000,0x00000000df600000)
 ParOldGen       total 84992K, used 88K [0x0000000085000000, 0x000000008a300000, 0x00000000d7000000)
  object space 84992K, 0% used [0x0000000085000000,0x0000000085016010,0x000000008a300000)
 Metaspace       used 7440K, capacity 7556K, committed 7808K, reserved 1056768K
  class space    used 808K, capacity 816K, committed 896K, reserved 1048576K
}
Event: 1.122 GC heap before
{Heap before GC invocations=4 (full 0):
 PSYoungGen      total 68608K, used 65712K [0x00000000d7000000, 0x00000000df600000, 0x0000000100000000)
  eden space 63488K, 100% used [0x00000000d7000000,0x00000000dae00000,0x00000000dae00000)
  from space 5120K, 43% used [0x00000000dae00000,0x00000000db02c040,0x00000000db300000)
  to   space 5120K, 0% used [0x00000000df100000,0x00000000df100000,0x00000000df600000)
 ParOldGen       total 84992K, used 89K [0x0000000085000000, 0x000000008a300000, 0x00000000d7000000)
  object space 84992K, 0% used [0x0000000085000000,0x0000000085016528,0x000000008a300000)
 Metaspace       used 8220K, capacity 8324K, committed 8576K, reserved 1056768K
  class space    used 871K, capacity 880K, committed 896K, reserved 1048576K
Event: 1.141 GC heap after
Heap after GC invocations=4 (full 0):
 PSYoungGen      total 132096K, used 5112K [0x00000000d7000000, 0x00000000df600000, 0x0000000100000000)
  eden space 126976K, 0% used [0x00000000d7000000,0x00000000d7000000,0x00000000dec00000)
  from space 5120K, 99% used [0x00000000df100000,0x00000000df5fe300,0x00000000df600000)
  to   space 5120K, 0% used [0x00000000dec00000,0x00000000dec00000,0x00000000df100000)
 ParOldGen       total 84992K, used 13650K [0x0000000085000000, 0x000000008a300000, 0x00000000d7000000)
  object space 84992K, 16% used [0x0000000085000000,0x0000000085d54948,0x000000008a300000)
 Metaspace       used 8220K, capacity 8324K, committed 8576K, reserved 1056768K
  class space    used 871K, capacity 880K, committed 896K, reserved 1048576K
}
Event: 1.909 GC heap before
{Heap before GC invocations=5 (full 0):
 PSYoungGen      total 132096K, used 132088K [0x00000000d7000000, 0x00000000df600000, 0x0000000100000000)
  eden space 126976K, 100% used [0x00000000d7000000,0x00000000dec00000,0x00000000dec00000)
  from space 5120K, 99% used [0x00000000df100000,0x00000000df5fe300,0x00000000df600000)
  to   space 5120K, 0% used [0x00000000dec00000,0x00000000dec00000,0x00000000df100000)
 ParOldGen       total 84992K, used 13652K [0x0000000085000000, 0x000000008a300000, 0x00000000d7000000)
  object space 84992K, 16% used [0x0000000085000000,0x0000000085d55110,0x000000008a300000)
 Metaspace       used 8233K, capacity 8324K, committed 8576K, reserved 1056768K
  class space    used 872K, capacity 880K, committed 896K, reserved 1048576K
Event: 1.942 GC heap after
Heap after GC invocations=5 (full 0):
 PSYoungGen      total 132096K, used 5101K [0x00000000d7000000, 0x00000000eb000000, 0x0000000100000000)
  eden space 126976K, 0% used [0x00000000d7000000,0x00000000d7000000,0x00000000dec00000)
  from space 5120K, 99% used [0x00000000dec00000,0x00000000df0fb758,0x00000000df100000)
  to   space 36864K, 0% used [0x00000000e8c00000,0x00000000e8c00000,0x00000000eb000000)
 ParOldGen       total 84992K, used 48106K [0x0000000085000000, 0x000000008a300000, 0x00000000d7000000)
  object space 84992K, 56% used [0x0000000085000000,0x0000000087efaba0,0x000000008a300000)
 Metaspace       used 8233K, capacity 8324K, committed 8576K, reserved 1056768K
  class space    used 872K, capacity 880K, committed 896K, reserved 1048576K
}
Event: 2.689 GC heap before
{Heap before GC invocations=6 (full 0):
 PSYoungGen      total 132096K, used 132077K [0x00000000d7000000, 0x00000000eb000000, 0x0000000100000000)
  eden space 126976K, 100% used [0x00000000d7000000,0x00000000dec00000,0x00000000dec00000)
  from space 5120K, 99% used [0x00000000dec00000,0x00000000df0fb758,0x00000000df100000)
  to   space 36864K, 0% used [0x00000000e8c00000,0x00000000e8c00000,0x00000000eb000000)
 ParOldGen       total 84992K, used 48127K [0x0000000085000000, 0x000000008a300000, 0x00000000d7000000)
  object space 84992K, 56% used [0x0000000085000000,0x0000000087efff08,0x000000008a300000)
 Metaspace       used 8242K, capacity 8324K, committed 8576K, reserved 1056768K
  class space    used 873K, capacity 880K, committed 896K, reserved 1048576K
Event: 2.721 GC heap after
Heap after GC invocations=6 (full 0):
 PSYoungGen      total 280576K, used 36850K [0x00000000d7000000, 0x00000000ec400000, 0x0000000100000000)
  eden space 243712K, 0% used [0x00000000d7000000,0x00000000d7000000,0x00000000e5e00000)
  from space 36864K, 99% used [0x00000000e8c00000,0x00000000eaffc998,0x00000000eb000000)
  to   space 47104K, 0% used [0x00000000e5e00000,0x00000000e5e00000,0x00000000e8c00000)
 ParOldGen       total 84992K, used 49263K [0x0000000085000000, 0x000000008a300000, 0x00000000d7000000)
  object space 84992K, 57% used [0x0000000085000000,0x000000008801bf08,0x000000008a300000)
 Metaspace       used 8242K, capacity 8324K, committed 8576K, reserved 1056768K
  class space    used 873K, capacity 880K, committed 896K, reserved 1048576K
}
Event: 4.452 GC heap before
{Heap before GC invocations=7 (full 0):
 PSYoungGen      total 280576K, used 280562K [0x00000000d7000000, 0x00000000ec400000, 0x0000000100000000)
  eden space 243712K, 100% used [0x00000000d7000000,0x00000000e5e00000,0x00000000e5e00000)
  from space 36864K, 99% used [0x00000000e8c00000,0x00000000eaffc998,0x00000000eb000000)
  to   space 47104K, 0% used [0x00000000e5e00000,0x00000000e5e00000,0x00000000e8c00000)
 ParOldGen       total 84992K, used 49270K [0x0000000085000000, 0x000000008a300000, 0x00000000d7000000)
  object space 84992K, 57% used [0x0000000085000000,0x000000008801d8e0,0x000000008a300000)
 Metaspace       used 12402K, capacity 12508K, committed 12672K, reserved 1060864K
  class space    used 1552K, capacity 1592K, committed 1664K, reserved 1048576K

