# JRE version: OpenJDK Runtime Environment (8.0_92-b14) (build 1.8.0_92-b14)
# Java VM: OpenJDK 64-Bit Server VM (25.92-b14 mixed mode linux-amd64 compressed oops)
Heap:
 PSYoungGen      total 276480K, used 52728K [0x00000000d7000000, 0x00000000ebf00000, 0x0000000100000000)
  eden space 223744K, 0% used [0x00000000d7000000,0x00000000d7000000,0x00000000e4a80000)
  from space 52736K, 99% used [0x00000000e4a80000,0x00000000e7dfe090,0x00000000e7e00000)
  to   space 38912K, 0% used [0x00000000e7e00000,0x00000000e7e00000,0x00000000ea400000)
 ParOldGen       total 102912K, used 102578K [0x0000000085000000, 0x000000008b480000, 0x00000000d7000000)
  object space 102912K, 99% used [0x0000000085000000,0x000000008b42c9b8,0x000000008b480000)
 Metaspace       used 11190K, capacity 11324K, committed 11520K, reserved 1058816K
  class space    used 1415K, capacity 1432K, committed 1536K, reserved 1048576K
GC Heap History (10 events):
Event: 0.646 GC heap after
Heap after GC invocations=4 (full 0):
 PSYoungGen      total 68608K, used 1760K [0x00000000d7000000, 0x00000000db800000, 0x0000000100000000)
  eden space 63488K, 0% used [0x00000000d7000000,0x00000000d7000000,0x00000000dae00000)
  from space 5120K, 34% used [0x00000000db300000,0x00000000db4b8050,0x00000000db800000)
  to   space 5120K, 0% used [0x00000000dae00000,0x00000000dae00000,0x00000000db300000)
 ParOldGen       total 84992K, used 96K [0x0000000085000000, 0x000000008a300000, 0x00000000d7000000)
  object space 84992K, 0% used [0x0000000085000000,0x0000000085018010,0x000000008a300000)
 Metaspace       used 7212K, capacity 7300K, committed 7552K, reserved 1056768K
  class space    used 776K, capacity 816K, committed 896K, reserved 1048576K
}
Event: 1.226 GC heap before
{Heap before GC invocations=5 (full 0):
 PSYoungGen      total 68608K, used 65248K [0x00000000d7000000, 0x00000000db800000, 0x0000000100000000)
  eden space 63488K, 100% used [0x00000000d7000000,0x00000000dae00000,0x00000000dae00000)
  from space 5120K, 34% used [0x00000000db300000,0x00000000db4b8050,0x00000000db800000)
  to   space 5120K, 0% used [0x00000000dae00000,0x00000000dae00000,0x00000000db300000)
 ParOldGen       total 84992K, used 96K [0x0000000085000000, 0x000000008a300000, 0x00000000d7000000)
  object space 84992K, 0% used [0x0000000085000000,0x0000000085018010,0x000000008a300000)
 Metaspace       used 8244K, capacity 8324K, committed 8576K, reserved 1056768K
  class space    used 871K, capacity 880K, committed 896K, reserved 1048576K
Event: 1.272 GC heap after
Heap after GC invocations=5 (full 0):
 PSYoungGen      total 68608K, used 5110K [0x00000000d7000000, 0x00000000e0600000, 0x0000000100000000)
  eden space 63488K, 0% used [0x00000000d7000000,0x00000000d7000000,0x00000000dae00000)
  from space 5120K, 99% used [0x00000000dae00000,0x00000000db2fda90,0x00000000db300000)
  to   space 13312K, 0% used [0x00000000df900000,0x00000000df900000,0x00000000e0600000)
 ParOldGen       total 84992K, used 12014K [0x0000000085000000, 0x000000008a300000, 0x00000000d7000000)
  object space 84992K, 14% used [0x0000000085000000,0x0000000085bbb960,0x000000008a300000)
 Metaspace       used 8244K, capacity 8324K, committed 8576K, reserved 1056768K
  class space    used 871K, capacity 880K, committed 896K, reserved 1048576K
}
Event: 1.657 GC heap before
{Heap before GC invocations=6 (full 0):
 PSYoungGen      total 68608K, used 68598K [0x00000000d7000000, 0x00000000e0600000, 0x0000000100000000)
  eden space 63488K, 100% used [0x00000000d7000000,0x00000000dae00000,0x00000000dae00000)
  from space 5120K, 99% used [0x00000000dae00000,0x00000000db2fda90,0x00000000db300000)
  to   space 13312K, 0% used [0x00000000df900000,0x00000000df900000,0x00000000e0600000)
 ParOldGen       total 84992K, used 12014K [0x0000000085000000, 0x000000008a300000, 0x00000000d7000000)
  object space 84992K, 14% used [0x0000000085000000,0x0000000085bbb988,0x000000008a300000)
 Metaspace       used 8249K, capacity 8324K, committed 8576K, reserved 1056768K
  class space    used 872K, capacity 880K, committed 896K, reserved 1048576K
Event: 1.691 GC heap after
Heap after GC invocations=6 (full 0):
 PSYoungGen      total 132096K, used 13303K [0x00000000d7000000, 0x00000000e1600000, 0x0000000100000000)
  eden space 118784K, 0% used [0x00000000d7000000,0x00000000d7000000,0x00000000de400000)
  from space 13312K, 99% used [0x00000000df900000,0x00000000e05fde20,0x00000000e0600000)
  to   space 21504K, 0% used [0x00000000de400000,0x00000000de400000,0x00000000df900000)
 ParOldGen       total 84992K, used 20865K [0x0000000085000000, 0x000000008a300000, 0x00000000d7000000)
  object space 84992K, 24% used [0x0000000085000000,0x00000000864607d8,0x000000008a300000)
 Metaspace       used 8249K, capacity 8324K, committed 8576K, reserved 1056768K
  class space    used 872K, capacity 880K, committed 896K, reserved 1048576K
}
Event: 2.407 GC heap before
{Heap before GC invocations=7 (full 0):
 PSYoungGen      total 132096K, used 132087K [0x00000000d7000000, 0x00000000e1600000, 0x0000000100000000)
  eden space 118784K, 100% used [0x00000000d7000000,0x00000000de400000,0x00000000de400000)
  from space 13312K, 99% used [0x00000000df900000,0x00000000e05fde20,0x00000000e0600000)
  to   space 21504K, 0% used [0x00000000de400000,0x00000000de400000,0x00000000df900000)
 ParOldGen       total 84992K, used 20873K [0x0000000085000000, 0x000000008a300000, 0x00000000d7000000)
  object space 84992K, 24% used [0x0000000085000000,0x0000000086462738,0x000000008a300000)
 Metaspace       used 8259K, capacity 8324K, committed 8576K, reserved 1056768K
  class space    used 872K, capacity 880K, committed 896K, reserved 1048576K
Event: 2.436 GC heap after
Heap after GC invocations=7 (full 0):
 PSYoungGen      total 140288K, used 21473K [0x00000000d7000000, 0x00000000ea400000, 0x0000000100000000)
  eden space 118784K, 0% used [0x00000000d7000000,0x00000000d7000000,0x00000000de400000)
  from space 21504K, 99% used [0x00000000de400000,0x00000000df8f8620,0x00000000df900000)
  to   space 38912K, 0% used [0x00000000e7e00000,0x00000000e7e00000,0x00000000ea400000)
 ParOldGen       total 84992K, used 45163K [0x0000000085000000, 0x000000008a300000, 0x00000000d7000000)
  object space 84992K, 53% used [0x0000000085000000,0x0000000087c1aed8,0x000000008a300000)
 Metaspace       used 8259K, capacity 8324K, committed 8576K, reserved 1056768K
  class space    used 872K, capacity 880K, committed 896K, reserved 1048576K
}
Event: 3.036 GC heap before
{Heap before GC invocations=8 (full 0):
 PSYoungGen      total 140288K, used 140257K [0x00000000d7000000, 0x00000000ea400000, 0x0000000100000000)
  eden space 118784K, 100% used [0x00000000d7000000,0x00000000de400000,0x00000000de400000)
  from space 21504K, 99% used [0x00000000de400000,0x00000000df8f8620,0x00000000df900000)
  to   space 38912K, 0% used [0x00000000e7e00000,0x00000000e7e00000,0x00000000ea400000)
 ParOldGen       total 84992K, used 45163K [0x0000000085000000, 0x000000008a300000, 0x00000000d7000000)
  object space 84992K, 53% used [0x0000000085000000,0x0000000087c1aed8,0x000000008a300000)
 Metaspace       used 8261K, capacity 8324K, committed 8576K, reserved 1056768K
  class space    used 872K, capacity 880K, committed 896K, reserved 1048576K
Event: 3.078 GC heap after
Heap after GC invocations=8 (full 0):
 PSYoungGen      total 262656K, used 38886K [0x00000000d7000000, 0x00000000ebf00000, 0x0000000100000000)
  eden space 223744K, 0% used [0x00000000d7000000,0x00000000d7000000,0x00000000e4a80000)
  from space 38912K, 99% used [0x00000000e7e00000,0x00000000ea3f9990,0x00000000ea400000)
  to   space 52736K, 0% used [0x00000000e4a80000,0x00000000e4a80000,0x00000000e7e00000)
 ParOldGen       total 84992K, used 58443K [0x0000000085000000, 0x000000008a300000, 0x00000000d7000000)
  object space 84992K, 68% used [0x0000000085000000,0x0000000088912ed8,0x000000008a300000)
 Metaspace       used 8261K, capacity 8324K, committed 8576K, reserved 1056768K
  class space    used 872K, capacity 880K, committed 896K, reserved 1048576K
}
Event: 4.722 GC heap before
{Heap before GC invocations=9 (full 0):
 PSYoungGen      total 262656K, used 262630K [0x00000000d7000000, 0x00000000ebf00000, 0x0000000100000000)
  eden space 223744K, 100% used [0x00000000d7000000,0x00000000e4a80000,0x00000000e4a80000)
  from space 38912K, 99% used [0x00000000e7e00000,0x00000000ea3f9990,0x00000000ea400000)
  to   space 52736K, 0% used [0x00000000e4a80000,0x00000000e4a80000,0x00000000e7e00000)
 ParOldGen       total 84992K, used 58443K [0x0000000085000000, 0x000000008a300000, 0x00000000d7000000)
  object space 84992K, 68% used [0x0000000085000000,0x0000000088912ed8,0x000000008a300000)
 Metaspace       used 11190K, capacity 11324K, committed 11520K, reserved 1058816K
  class space    used 1415K, capacity 1432K, committed 1536K, reserved 1048576K

