# JRE version: OpenJDK Runtime Environment (8.0_92-b14) (build 1.8.0_92-b14)
# Java VM: OpenJDK 64-Bit Server VM (25.92-b14 mixed mode linux-amd64 compressed oops)
Heap:
 PSYoungGen      total 289792K, used 47612K [0x00000000d7000000, 0x00000000ec500000, 0x0000000100000000)
  eden space 242176K, 0% used [0x00000000d7000000,0x00000000d7000000,0x00000000e5c80000)
  from space 47616K, 99% used [0x00000000e5c80000,0x00000000e8aff2d0,0x00000000e8b00000)
  to   space 35840K, 0% used [0x00000000e8b00000,0x00000000e8b00000,0x00000000eae00000)
 ParOldGen       total 93184K, used 92898K [0x0000000085000000, 0x000000008ab00000, 0x00000000d7000000)
  object space 93184K, 99% used [0x0000000085000000,0x000000008aab8b20,0x000000008ab00000)
 Metaspace       used 8266K, capacity 8324K, committed 8576K, reserved 1056768K
  class space    used 872K, capacity 880K, committed 896K, reserved 1048576K
GC Heap History (10 events):
Event: 0.382 GC heap after
Heap after GC invocations=2 (full 0):
 PSYoungGen      total 68608K, used 1664K [0x00000000d7000000, 0x00000000db800000, 0x0000000100000000)
  eden space 63488K, 0% used [0x00000000d7000000,0x00000000d7000000,0x00000000dae00000)
  from space 5120K, 32% used [0x00000000db300000,0x00000000db4a0030,0x00000000db800000)
  to   space 5120K, 0% used [0x00000000dae00000,0x00000000dae00000,0x00000000db300000)
 ParOldGen       total 84992K, used 80K [0x0000000085000000, 0x000000008a300000, 0x00000000d7000000)
  object space 84992K, 0% used [0x0000000085000000,0x0000000085014010,0x000000008a300000)
 Metaspace       used 7128K, capacity 7236K, committed 7552K, reserved 1056768K
  class space    used 776K, capacity 816K, committed 896K, reserved 1048576K
}
Event: 0.519 GC heap before
{Heap before GC invocations=3 (full 0):
 PSYoungGen      total 68608K, used 65152K [0x00000000d7000000, 0x00000000db800000, 0x0000000100000000)
  eden space 63488K, 100% used [0x00000000d7000000,0x00000000dae00000,0x00000000dae00000)
  from space 5120K, 32% used [0x00000000db300000,0x00000000db4a0030,0x00000000db800000)
  to   space 5120K, 0% used [0x00000000dae00000,0x00000000dae00000,0x00000000db300000)
 ParOldGen       total 84992K, used 80K [0x0000000085000000, 0x000000008a300000, 0x00000000d7000000)
  object space 84992K, 0% used [0x0000000085000000,0x0000000085014010,0x000000008a300000)
 Metaspace       used 7206K, capacity 7300K, committed 7552K, reserved 1056768K
  class space    used 776K, capacity 816K, committed 896K, reserved 1048576K
Event: 0.523 GC heap after
Heap after GC invocations=3 (full 0):
 PSYoungGen      total 68608K, used 2096K [0x00000000d7000000, 0x00000000df600000, 0x0000000100000000)
  eden space 63488K, 0% used [0x00000000d7000000,0x00000000d7000000,0x00000000dae00000)
  from space 5120K, 40% used [0x00000000dae00000,0x00000000db00c040,0x00000000db300000)
  to   space 5120K, 0% used [0x00000000df100000,0x00000000df100000,0x00000000df600000)
 ParOldGen       total 84992K, used 88K [0x0000000085000000, 0x000000008a300000, 0x00000000d7000000)
  object space 84992K, 0% used [0x0000000085000000,0x0000000085016010,0x000000008a300000)
 Metaspace       used 7206K, capacity 7300K, committed 7552K, reserved 1056768K
  class space    used 776K, capacity 816K, committed 896K, reserved 1048576K
}
Event: 1.081 GC heap before
{Heap before GC invocations=4 (full 0):
 PSYoungGen      total 68608K, used 65584K [0x00000000d7000000, 0x00000000df600000, 0x0000000100000000)
  eden space 63488K, 100% used [0x00000000d7000000,0x00000000dae00000,0x00000000dae00000)
  from space 5120K, 40% used [0x00000000dae00000,0x00000000db00c040,0x00000000db300000)
  to   space 5120K, 0% used [0x00000000df100000,0x00000000df100000,0x00000000df600000)
 ParOldGen       total 84992K, used 88K [0x0000000085000000, 0x000000008a300000, 0x00000000d7000000)
  object space 84992K, 0% used [0x0000000085000000,0x0000000085016028,0x000000008a300000)
 Metaspace       used 8250K, capacity 8324K, committed 8576K, reserved 1056768K
  class space    used 871K, capacity 880K, committed 896K, reserved 1048576K
Event: 1.099 GC heap after
Heap after GC invocations=4 (full 0):
 PSYoungGen      total 132096K, used 5111K [0x00000000d7000000, 0x00000000df600000, 0x0000000100000000)
  eden space 126976K, 0% used [0x00000000d7000000,0x00000000d7000000,0x00000000dec00000)
  from space 5120K, 99% used [0x00000000df100000,0x00000000df5fdc10,0x00000000df600000)
  to   space 5120K, 0% used [0x00000000dec00000,0x00000000dec00000,0x00000000df100000)
 ParOldGen       total 84992K, used 11585K [0x0000000085000000, 0x000000008a300000, 0x00000000d7000000)
  object space 84992K, 13% used [0x0000000085000000,0x0000000085b506a8,0x000000008a300000)
 Metaspace       used 8250K, capacity 8324K, committed 8576K, reserved 1056768K
  class space    used 871K, capacity 880K, committed 896K, reserved 1048576K
}
Event: 2.006 GC heap before
{Heap before GC invocations=5 (full 0):
 PSYoungGen      total 132096K, used 132087K [0x00000000d7000000, 0x00000000df600000, 0x0000000100000000)
  eden space 126976K, 100% used [0x00000000d7000000,0x00000000dec00000,0x00000000dec00000)
  from space 5120K, 99% used [0x00000000df100000,0x00000000df5fdc10,0x00000000df600000)
  to   space 5120K, 0% used [0x00000000dec00000,0x00000000dec00000,0x00000000df100000)
 ParOldGen       total 84992K, used 11600K [0x0000000085000000, 0x000000008a300000, 0x00000000d7000000)
  object space 84992K, 13% used [0x0000000085000000,0x0000000085b54038,0x000000008a300000)
 Metaspace       used 8261K, capacity 8324K, committed 8576K, reserved 1056768K
  class space    used 872K, capacity 880K, committed 896K, reserved 1048576K
Event: 2.057 GC heap after
Heap after GC invocations=5 (full 0):
 PSYoungGen      total 132096K, used 5109K [0x00000000d7000000, 0x00000000eae00000, 0x0000000100000000)
  eden space 126976K, 0% used [0x00000000d7000000,0x00000000d7000000,0x00000000dec00000)
  from space 5120K, 99% used [0x00000000dec00000,0x00000000df0fd680,0x00000000df100000)
  to   space 35840K, 0% used [0x00000000e8b00000,0x00000000e8b00000,0x00000000eae00000)
 ParOldGen       total 84992K, used 46225K [0x0000000085000000, 0x000000008a300000, 0x00000000d7000000)
  object space 84992K, 54% used [0x0000000085000000,0x0000000087d24660,0x000000008a300000)
 Metaspace       used 8261K, capacity 8324K, committed 8576K, reserved 1056768K
  class space    used 872K, capacity 880K, committed 896K, reserved 1048576K
}
Event: 2.887 GC heap before
{Heap before GC invocations=6 (full 0):
 PSYoungGen      total 132096K, used 132085K [0x00000000d7000000, 0x00000000eae00000, 0x0000000100000000)
  eden space 126976K, 100% used [0x00000000d7000000,0x00000000dec00000,0x00000000dec00000)
  from space 5120K, 99% used [0x00000000dec00000,0x00000000df0fd680,0x00000000df100000)
  to   space 35840K, 0% used [0x00000000e8b00000,0x00000000e8b00000,0x00000000eae00000)
 ParOldGen       total 84992K, used 46238K [0x0000000085000000, 0x000000008a300000, 0x00000000d7000000)
  object space 84992K, 54% used [0x0000000085000000,0x0000000087d279a0,0x000000008a300000)
 Metaspace       used 8265K, capacity 8324K, committed 8576K, reserved 1056768K
  class space    used 872K, capacity 880K, committed 896K, reserved 1048576K
Event: 2.926 GC heap after
Heap after GC invocations=6 (full 0):
 PSYoungGen      total 278016K, used 35839K [0x00000000d7000000, 0x00000000ec500000, 0x0000000100000000)
  eden space 242176K, 0% used [0x00000000d7000000,0x00000000d7000000,0x00000000e5c80000)
  from space 35840K, 99% used [0x00000000e8b00000,0x00000000eadffd40,0x00000000eae00000)
  to   space 47616K, 0% used [0x00000000e5c80000,0x00000000e5c80000,0x00000000e8b00000)
 ParOldGen       total 84992K, used 49726K [0x0000000085000000, 0x000000008a300000, 0x00000000d7000000)
  object space 84992K, 58% used [0x0000000085000000,0x000000008808f9a0,0x000000008a300000)
 Metaspace       used 8265K, capacity 8324K, committed 8576K, reserved 1056768K
  class space    used 872K, capacity 880K, committed 896K, reserved 1048576K
}
Event: 4.333 GC heap before
{Heap before GC invocations=7 (full 0):
 PSYoungGen      total 278016K, used 278015K [0x00000000d7000000, 0x00000000ec500000, 0x0000000100000000)
  eden space 242176K, 100% used [0x00000000d7000000,0x00000000e5c80000,0x00000000e5c80000)
  from space 35840K, 99% used [0x00000000e8b00000,0x00000000eadffd40,0x00000000eae00000)
  to   space 47616K, 0% used [0x00000000e5c80000,0x00000000e5c80000,0x00000000e8b00000)
 ParOldGen       total 84992K, used 49729K [0x0000000085000000, 0x000000008a300000, 0x00000000d7000000)
  object space 84992K, 58% used [0x0000000085000000,0x0000000088090420,0x000000008a300000)
 Metaspace       used 8266K, capacity 8324K, committed 8576K, reserved 1056768K
  class space    used 872K, capacity 880K, committed 896K, reserved 1048576K

